<?xml version="1.0" encoding="UTF-8"?>
<!-- Generated by org.testng.reporters.JUnitXMLReporter -->
<testsuite ignored="1" hostname="suharika" failures="2" tests="2" name="Test" time="0.109" errors="0" timestamp="2024-03-12T21:49:58 IST">
  <testcase classname="Testcases.orangeHRM_login" name="logintoorange" time="0.016">
    <failure type="java.lang.NullPointerException" message="Cannot invoke &amp;quot;org.openqa.selenium.WebDriver.getTitle()&amp;quot; because &amp;quot;driver&amp;quot; is null">
      <![CDATA[java.lang.NullPointerException: Cannot invoke "org.openqa.selenium.WebDriver.getTitle()" because "driver" is null
at pages.LoginPage.<init>(LoginPage.java:20)
at Testcases.orangeHRM_login.logintoorange(orangeHRM_login.java:38)
at java.base/java.util.ArrayList.forEach(ArrayList.java:1511)
... Removed 31 stack frames]]>
    </failure>
  </testcase> <!-- logintoorange -->
  <testcase classname="Testcases.orangeHRM_login" name="logintestdata" time="0.004">
    <failure type="java.lang.NullPointerException" message="Cannot invoke &amp;quot;com.aventstack.extentreports.ExtentReports.createTest(String, String)&amp;quot; because &amp;quot;Testcases.orangeHRM_login.Reports&amp;quot; is null">
      <![CDATA[java.lang.NullPointerException: Cannot invoke "com.aventstack.extentreports.ExtentReports.createTest(String, String)" because "Testcases.orangeHRM_login.Reports" is null
at Testcases.orangeHRM_login.logintestdata(orangeHRM_login.java:17)
at java.base/java.util.ArrayList.forEach(ArrayList.java:1511)
... Removed 31 stack frames]]>
    </failure>
  </testcase> <!-- logintestdata -->
  <testcase classname="Testcases.orangeHRM_login" name="logintoorange2" time="0.0">
    <ignored/>
  </testcase> <!-- logintoorange2 -->
</testsuite> <!-- Test -->
